2024-11-23 09:57:01.774 | ERROR    | __main__:execute_query:22 - Failed to verify connectivity
2024-11-23 09:58:46.877 | ERROR    | __main__:execute_query:22 - Failed to verify connectivity
2024-11-23 10:02:10.911 | ERROR    | __main__:execute_query:23 - Failed to verify connectivity
2024-11-23 10:05:41.379 | INFO     | __main__:convert_nodes:28 - Generating query for Literature
2024-11-23 10:05:41.380 | INFO     | __main__:convert_nodes:28 - Generating query for Source
2024-11-23 10:05:41.380 | INFO     | __main__:convert_nodes:28 - Generating query for Abstract
2024-11-23 10:05:41.380 | INFO     | __main__:convert_nodes:28 - Generating query for FundingAgency
2024-11-23 10:05:41.381 | INFO     | __main__:convert_nodes:28 - Generating query for Author
2024-11-23 10:05:41.401 | INFO     | __main__:convert_nodes:28 - Generating query for Organization
2024-11-23 10:05:41.404 | INFO     | __main__:convert_nodes:28 - Generating query for City
2024-11-23 10:05:41.408 | INFO     | __main__:convert_nodes:28 - Generating query for Country
2024-11-23 10:05:41.409 | INFO     | __main__:convert_nodes:28 - Generating query for Keyword
2024-11-23 10:05:41.415 | INFO     | __main__:convert_nodes:28 - Generating query for Publisher
2024-11-23 10:05:41.416 | INFO     | __main__:convert_nodes:28 - Generating query for Reference
2024-11-23 10:05:41.497 | INFO     | __main__:convert_nodes:28 - Generating query for Classification
2024-11-23 10:05:41.501 | INFO     | __main__:convert_rels:41 - Generating query for FROM
2024-11-23 10:05:41.501 | INFO     | __main__:convert_rels:41 - Generating query for HAS_ABSTRACT
2024-11-23 10:05:41.501 | INFO     | __main__:convert_rels:41 - Generating query for FUNDED
2024-11-23 10:05:41.502 | INFO     | __main__:convert_rels:41 - Generating query for AUTHORED
2024-11-23 10:05:41.521 | INFO     | __main__:convert_rels:41 - Generating query for LOCATED_IN
2024-11-23 10:05:41.522 | INFO     | __main__:convert_rels:41 - Generating query for AFFILIATED_WITH
2024-11-23 10:05:41.525 | INFO     | __main__:convert_rels:41 - Generating query for USED_KEYWORD
2024-11-23 10:05:41.525 | INFO     | __main__:convert_rels:41 - Generating query for PUBLISHED
2024-11-23 10:05:41.525 | INFO     | __main__:convert_rels:41 - Generating query for REFERENCED
2024-11-23 10:05:41.529 | INFO     | __main__:convert_rels:41 - Generating query for IS_CLASSED
2024-11-23 10:05:41.530 | INFO     | __main__:convert_rels:41 - Generating query for IS_CLASSIFIED
2024-11-23 10:05:41.532 | INFO     | __main__:upload:72 - Uploading
2024-11-23 10:05:41.993 | ERROR    | __main__:execute_query:23 - Failed to verify connectivity
2024-11-23 10:06:40.237 | INFO     | __main__:convert_nodes:28 - Generating query for Literature
2024-11-23 10:06:40.237 | INFO     | __main__:convert_nodes:28 - Generating query for Source
2024-11-23 10:06:40.237 | INFO     | __main__:convert_nodes:28 - Generating query for Abstract
2024-11-23 10:06:40.238 | INFO     | __main__:convert_nodes:28 - Generating query for FundingAgency
2024-11-23 10:06:40.238 | INFO     | __main__:convert_nodes:28 - Generating query for Author
2024-11-23 10:06:40.258 | INFO     | __main__:convert_nodes:28 - Generating query for Organization
2024-11-23 10:06:40.261 | INFO     | __main__:convert_nodes:28 - Generating query for City
2024-11-23 10:06:40.263 | INFO     | __main__:convert_nodes:28 - Generating query for Country
2024-11-23 10:06:40.264 | INFO     | __main__:convert_nodes:28 - Generating query for Keyword
2024-11-23 10:06:40.269 | INFO     | __main__:convert_nodes:28 - Generating query for Publisher
2024-11-23 10:06:40.269 | INFO     | __main__:convert_nodes:28 - Generating query for Reference
2024-11-23 10:06:40.341 | INFO     | __main__:convert_nodes:28 - Generating query for Classification
2024-11-23 10:06:40.344 | INFO     | __main__:convert_rels:41 - Generating query for FROM
2024-11-23 10:06:40.344 | INFO     | __main__:convert_rels:41 - Generating query for HAS_ABSTRACT
2024-11-23 10:06:40.344 | INFO     | __main__:convert_rels:41 - Generating query for FUNDED
2024-11-23 10:06:40.345 | INFO     | __main__:convert_rels:41 - Generating query for AUTHORED
2024-11-23 10:06:40.362 | INFO     | __main__:convert_rels:41 - Generating query for LOCATED_IN
2024-11-23 10:06:40.363 | INFO     | __main__:convert_rels:41 - Generating query for AFFILIATED_WITH
2024-11-23 10:06:40.367 | INFO     | __main__:convert_rels:41 - Generating query for USED_KEYWORD
2024-11-23 10:06:40.367 | INFO     | __main__:convert_rels:41 - Generating query for PUBLISHED
2024-11-23 10:06:40.367 | INFO     | __main__:convert_rels:41 - Generating query for REFERENCED
2024-11-23 10:06:40.371 | INFO     | __main__:convert_rels:41 - Generating query for IS_CLASSED
2024-11-23 10:06:40.371 | INFO     | __main__:convert_rels:41 - Generating query for IS_CLASSIFIED
2024-11-23 10:06:40.373 | INFO     | __main__:upload:72 - Uploading
2024-11-23 10:06:40.845 | ERROR    | __main__:execute_query:23 - Failed to verify connectivity
2024-11-23 10:06:40.846 | INFO     | __main__:<module>:98 - None
2024-11-23 10:08:53.092 | INFO     | __main__:<module>:90 - neo4j+s://abac2c7b.databases.neo4j.io:7687
2024-11-23 10:08:53.366 | INFO     | __main__:upload:69 - Uploading
2024-11-23 10:08:53.856 | ERROR    | __main__:execute_query:22 - Failed to verify connectivity
2024-11-23 10:08:53.858 | INFO     | __main__:<module>:96 - None
2024-11-23 10:10:20.659 | INFO     | __main__:<module>:86 - neo4j
2024-11-23 10:10:21.505 | ERROR    | __main__:execute_query:22 - Failed to verify connectivity
2024-11-23 10:10:21.510 | INFO     | __main__:<module>:92 - None
2024-11-23 10:10:36.299 | INFO     | __main__:<module>:86 - foF8J_kgkiaDDAeMQH4shoGv_OXtgoUIYLtPx-iJIHw
2024-11-23 10:10:37.027 | ERROR    | __main__:execute_query:22 - Failed to verify connectivity
2024-11-23 10:10:37.031 | INFO     | __main__:<module>:92 - None
2024-11-23 10:11:17.220 | ERROR    | __main__:execute_query:22 - Failed to verify connectivity
2024-11-23 10:11:17.225 | INFO     | __main__:<module>:91 - None
2024-11-23 10:11:56.261 | ERROR    | __main__:execute_query:22 - {code: Neo.ClientError.Statement.SyntaxError} {message: Invalid input '$': expected a graph pattern, 'FOREACH', ',', 'ORDER BY', 'CALL', 'CREATE', 'LOAD CSV', 'DELETE', 'DETACH', 'FINISH', 'INSERT', 'LIMIT', 'MATCH', 'MERGE', 'NODETACH', 'OFFSET', 'OPTIONAL', 'REMOVE', 'RETURN', 'SET', 'SKIP', 'UNION', 'UNWIND', 'USE', 'WITH' or <EOF> (line 1, column 22 (offset: 21))
"CREATE (:Literature) $85051840032"
                      ^}
2024-11-23 10:11:56.264 | INFO     | __main__:<module>:91 - None
2024-11-23 10:12:53.118 | ERROR    | __main__:execute_query:22 - {code: Neo.ClientError.Statement.SyntaxError} {message: Invalid input '$': expected a graph pattern, 'FOREACH', ',', 'ORDER BY', 'CALL', 'CREATE', 'LOAD CSV', 'DELETE', 'DETACH', 'FINISH', 'INSERT', 'LIMIT', 'MATCH', 'MERGE', 'NODETACH', 'OFFSET', 'OPTIONAL', 'REMOVE', 'RETURN', 'SET', 'SKIP', 'UNION', 'UNWIND', 'USE', 'WITH' or <EOF> (line 1, column 22 (offset: 21))
"CREATE (:Literature) $85051840032"
                      ^}
2024-11-23 10:12:53.123 | INFO     | __main__:<module>:91 - None
2024-11-23 10:34:05.825 | INFO     | __main__:upload:72 - Writing
2024-11-23 10:34:07.369 | ERROR    | __main__:execute_query:22 - {code: Neo.ClientError.Statement.SyntaxError} {message: Invalid input '{': expected a graph pattern, 'FOREACH', ',', 'ORDER BY', 'CALL', 'CREATE', 'LOAD CSV', 'DELETE', 'DETACH', 'FINISH', 'INSERT', 'LIMIT', 'MATCH', 'MERGE', 'NODETACH', 'OFFSET', 'OPTIONAL', 'REMOVE', 'RETURN', 'SET', 'SKIP', 'UNION', 'UNWIND', 'USE', 'WITH' or <EOF> (line 1, column 22 (offset: 21))
"CREATE (:Literature) {uid: $id}"
                      ^}
2024-11-23 10:37:45.531 | INFO     | __main__:upload:72 - Writing
2024-11-23 10:37:47.098 | ERROR    | __main__:execute_query:22 - {code: Neo.ClientError.Statement.SyntaxError} {message: Invalid input '{': expected a graph pattern, 'FOREACH', ',', 'ORDER BY', 'CALL', 'CREATE', 'LOAD CSV', 'DELETE', 'DETACH', 'FINISH', 'INSERT', 'LIMIT', 'MATCH', 'MERGE', 'NODETACH', 'OFFSET', 'OPTIONAL', 'REMOVE', 'RETURN', 'SET', 'SKIP', 'UNION', 'UNWIND', 'USE', 'WITH' or <EOF> (line 1, column 22 (offset: 21))
"CREATE (:Literature) {uid: 85051840032}"
                      ^}
2024-11-23 10:38:42.436 | INFO     | __main__:upload:72 - Writing
2024-11-23 10:38:44.019 | ERROR    | __main__:execute_query:22 - {code: Neo.ClientError.Statement.SyntaxError} {message: Invalid input '}': expected ':' (line 539, column 81 (offset: 21836))
"CREATE (:FundingAgency {uid: CUGraduateSchoolThesisGrant,ChulalongkornUniversity})"
                                                                                 ^}
2024-11-23 10:41:36.224 | INFO     | __main__:upload:72 - Writing
2024-11-23 10:41:37.865 | ERROR    | __main__:execute_query:22 - {code: Neo.ClientError.Statement.SyntaxError} {message: Invalid input 'GSRT': expected an expression, ',' or '}' (line 561, column 42 (offset: 22787))
"CREATE (:FundingAgency {uid: GSRT(Greece)GSRT})"
                                          ^}
2024-11-23 10:42:44.654 | INFO     | __main__:upload:72 - Writing
2024-11-23 10:42:46.123 | ERROR    | __main__:execute_query:22 - {code: Neo.ClientError.Statement.SyntaxError} {message: Invalid input '&': expected an expression, ',' or '}' (line 643, column 31 (offset: 26851))
"CREATE (:FundingAgency {uid: S&TPostgraduateEducationandResearchDevelopmentOffice})"
                               ^}
2024-11-23 10:43:18.090 | INFO     | __main__:upload:72 - Writing
2024-11-23 10:43:19.573 | ERROR    | __main__:execute_query:22 - {code: Neo.ClientError.Statement.SyntaxError} {message: Invalid input '&': expected an expression, ',' or '}' (line 643, column 31 (offset: 26851))
"CREATE (:FundingAgency {uid: S&TPostgraduateEducationandResearchDevelopmentOffice})"
                               ^}
2024-11-23 10:43:39.956 | INFO     | __main__:upload:72 - Writing
2024-11-23 10:43:41.433 | ERROR    | __main__:execute_query:22 - {code: Neo.ClientError.Statement.SyntaxError} {message: Invalid input '}': expected an identifier (line 646, column 49 (offset: 27050))
"CREATE (:FundingAgency {uid: MSDanimalhealthLtd.})"
                                                 ^}
2024-11-23 10:44:00.988 | INFO     | __main__:upload:72 - Writing
2024-11-23 10:44:02.507 | ERROR    | __main__:execute_query:22 - {code: Neo.ClientError.Statement.SyntaxError} {message: Invalid input '‘': expected an expression, ',' or '}' (line 689, column 87 (offset: 29134))
"CREATE (:FundingAgency {uid: Franco-ThaiCooperationPrograminHigherEducationandResearch‘PHE})"
                                                                                       ^}
2024-11-23 10:46:02.863 | INFO     | __main__:upload:74 - Writing
2024-11-23 10:46:04.582 | ERROR    | __main__:execute_query:23 - {code: Neo.ClientError.Statement.SyntaxError} {message: Invalid input '}': expected ':' (line 539, column 81 (offset: 21836))
"CREATE (:FundingAgency {uid: CUGraduateSchoolThesisGrant,ChulalongkornUniversity})"
                                                                                 ^}
2024-11-23 10:46:21.971 | INFO     | __main__:upload:74 - Writing
2024-11-23 10:46:23.473 | ERROR    | __main__:execute_query:23 - {code: Neo.ClientError.Statement.SyntaxError} {message: Invalid input '}': expected ':' (line 539, column 81 (offset: 21836))
"CREATE (:FundingAgency {uid: CUGraduateSchoolThesisGrant,ChulalongkornUniversity})"
                                                                                 ^}
2024-11-23 10:47:22.087 | INFO     | __main__:upload:74 - Writing
2024-11-23 10:47:23.583 | ERROR    | __main__:execute_query:23 - {code: Neo.ClientError.Statement.SyntaxError} {message: Invalid input '}': expected ':' (line 539, column 81 (offset: 21836))
"CREATE (:FundingAgency {uid: CUGraduateSchoolThesisGrant,ChulalongkornUniversity})"
                                                                                 ^}
2024-11-23 10:48:27.591 | INFO     | __main__:upload:74 - Writing
2024-11-23 10:48:29.069 | ERROR    | __main__:execute_query:23 - {code: Neo.ClientError.Statement.SyntaxError} {message: Invalid input '}': expected ':' (line 539, column 81 (offset: 21836))
"CREATE (:FundingAgency {uid: CUGraduateSchoolThesisGrant,ChulalongkornUniversity})"
                                                                                 ^}
2024-11-23 10:51:02.636 | INFO     | __main__:upload:74 - Writing
2024-11-23 10:51:04.203 | ERROR    | __main__:execute_query:23 - {code: Neo.ClientError.Statement.SyntaxError} {message: Invalid input '‘': expected an expression, ',' or '}' (line 689, column 87 (offset: 29134))
"CREATE (:FundingAgency {uid: Franco-ThaiCooperationPrograminHigherEducationandResearch‘PHE})"
                                                                                       ^}
2024-11-23 10:51:25.952 | INFO     | __main__:upload:74 - Writing
2024-11-23 10:51:27.427 | ERROR    | __main__:execute_query:23 - {code: Neo.ClientError.Statement.SyntaxError} {message: Invalid input '}': expected ':' (line 539, column 81 (offset: 21836))
"CREATE (:FundingAgency {uid: CUGraduateSchoolThesisGrant,ChulalongkornUniversity})"
                                                                                 ^}
2024-11-23 10:51:51.752 | INFO     | __main__:upload:74 - Writing
2024-11-23 10:51:53.200 | ERROR    | __main__:execute_query:23 - {code: Neo.ClientError.Statement.SyntaxError} {message: Invalid input '}': expected ':' (line 539, column 81 (offset: 21836))
"CREATE (:FundingAgency {uid: CUGraduateSchoolThesisGrant,ChulalongkornUniversity})"
                                                                                 ^}
2024-11-23 10:52:29.952 | INFO     | __main__:upload:74 - Writing
2024-11-23 10:52:31.451 | ERROR    | __main__:execute_query:23 - {code: Neo.ClientError.Statement.SyntaxError} {message: Invalid input '¸': expected an expression, ',' or '}' (line 763, column 39 (offset: 33290))
"CREATE (:FundingAgency {uid: Coordenac¸ãodeAper-feic¸oamentodePessoaldeNívelSuperior})"
                                       ^}
2024-11-23 10:52:47.892 | INFO     | __main__:upload:74 - Writing
2024-11-23 10:52:49.532 | ERROR    | __main__:execute_query:23 - {code: Neo.ClientError.Statement.SyntaxError} {message: Invalid input 'de': expected an expression, ',' or '}' (line 5005, column 25 (offset: 187740))
"CREATE (:City {uid: Rio de Janeiro})"
                         ^}
2024-11-23 10:53:16.909 | INFO     | __main__:upload:74 - Writing
2024-11-23 10:53:18.508 | ERROR    | __main__:execute_query:23 - {code: Neo.ClientError.Statement.SyntaxError} {message: Invalid input '¡': expected an expression, ',' or '}' (line 5515, column 25 (offset: 205047))
"CREATE (:Keyword {uid: 1¡3-D-glucan})"
                         ^}
2024-11-23 10:54:24.051 | INFO     | __main__:upload:74 - Writing
2024-11-23 10:54:25.775 | ERROR    | __main__:execute_query:23 - {code: Neo.ClientError.Statement.SyntaxError} {message: Invalid input '–': expected an expression, ',' or '}' (line 5527, column 32 (offset: 205597))
"CREATE (:Keyword {uid: Greulich–Pyle})"
                                ^}
2024-11-23 10:54:48.369 | INFO     | __main__:upload:74 - Writing
2024-11-23 10:54:49.920 | ERROR    | __main__:execute_query:23 - {code: Neo.ClientError.Statement.SyntaxError} {message: Invalid input '™': expected an expression, ',' or '}' (line 5542, column 32 (offset: 206155))
"CREATE (:Keyword {uid: PrimePac™})"
                                ^}
2024-11-23 10:55:02.281 | INFO     | __main__:upload:74 - Writing
2024-11-23 10:55:03.876 | ERROR    | __main__:execute_query:23 - {code: Neo.ClientError.Statement.SyntaxError} {message: Failed to parse string literal. The query must contain an even number of non-escaped quotes. (line 5586, column 33 (offset: 207977))
"CREATE (:Keyword {uid: Alzheimer'sdisease})"
                                 ^}
2024-11-23 10:55:13.444 | INFO     | __main__:upload:74 - Writing
2024-11-23 10:55:14.991 | ERROR    | __main__:execute_query:23 - {code: Neo.ClientError.Statement.SyntaxError} {message: Invalid input '}': expected an expression (line 5590, column 40 (offset: 208158))
"CREATE (:Keyword {uid: BicarbonateHCO3-})"
                                        ^}
2024-11-23 10:55:30.942 | INFO     | __main__:upload:74 - Writing
2024-11-23 10:55:32.518 | ERROR    | __main__:execute_query:23 - {code: Neo.ClientError.Statement.SyntaxError} {message: Invalid input '’': expected an expression, ',' or '}' (line 5843, column 33 (offset: 218179))
"CREATE (:Keyword {uid: Employers’liability})"
                                 ^}
2024-11-23 10:55:45.323 | INFO     | __main__:upload:74 - Writing
2024-11-23 10:55:45.988 | ERROR    | __main__:execute_query:23 - {code: Neo.ClientError.Statement.SyntaxError} {message: Invalid input '}': expected an expression (line 1, column 27 (offset: 26))
"CREATE (:Literature {uid: })"
                           ^}
2024-11-23 10:58:46.290 | INFO     | __main__:upload:74 - Writing
2024-11-23 10:58:48.127 | ERROR    | __main__:execute_query:23 - {code: Neo.ClientError.Statement.SyntaxError} {message: Invalid input '{': expected a node label/relationship type name, '$', '%' or '(' (line 12240, column 27 (offset: 467000))
"                MATCH (a: {`_uid`:rel[1]})"
                           ^}
2024-11-23 11:10:11.691 | INFO     | __main__:upload:74 - Writing
2024-11-23 11:10:13.673 | ERROR    | __main__:execute_query:23 - {code: Neo.ClientError.Statement.SyntaxError} {message: Invalid input '{': expected a node label/relationship type name, '$', '%' or '(' (line 12240, column 27 (offset: 467000))
"                MATCH (a: {`uid`:rel[1]})"
                           ^}
2024-11-23 11:10:41.831 | INFO     | __main__:upload:74 - Writing
2024-11-23 11:10:44.126 | ERROR    | __main__:execute_query:23 - {code: Neo.ClientError.Statement.SyntaxError} {message: Invalid input '{': expected a node label/relationship type name, '$', '%' or '(' (line 12240, column 27 (offset: 467000))
"                MATCH (a: {uid:rel[1]})"
                           ^}
2024-11-23 11:12:38.041 | INFO     | __main__:upload:76 - Writing
2024-11-23 11:12:39.958 | ERROR    | __main__:execute_query:23 - {code: Neo.ClientError.Statement.SyntaxError} {message: Invalid input '[': expected a parameter, '&', ')', ':', 'WHERE', '{' or '|' (line 12240, column 29 (offset: 467002))
"                MATCH (a:rel[3] {uid:rel[1]})"
                             ^}
2024-11-23 11:17:34.873 | INFO     | __main__:upload:76 - Writing
2024-11-23 11:17:39.281 | ERROR    | __main__:execute_query:23 - {code: Neo.ClientError.Statement.SyntaxError} {message: Variable `abstract85051840032` not defined (line 286, column 25 (offset: 10386))
"CREATE (:Abstract {uid: abstract85051840032})"
                         ^}
2024-11-23 11:18:53.881 | INFO     | __main__:upload:76 - Writing
2024-11-23 11:30:47.186 | INFO     | __main__:upload:84 - Writing
2024-11-23 11:50:52.166 | INFO     | __main__:upload:84 - Writing
2024-11-23 11:50:54.033 | ERROR    | __main__:execute_query:23 - {code: Neo.ClientError.Statement.SyntaxError} {message: Invalid input '/': expected ')' or 'WHERE' (line 5408, column 22 (offset: 168198))
"CREATE (:Keyword $Oil/waterseparation)"
                      ^}
2024-11-23 11:51:25.210 | INFO     | __main__:upload:84 - Writing
2024-11-23 11:51:26.697 | ERROR    | __main__:execute_query:23 - {code: Neo.ClientError.Statement.SyntaxError} {message: Invalid input ':': expected ')' or 'WHERE' (line 5660, column 22 (offset: 176809))
"CREATE (:Keyword $MSC:Primary51M04)"
                      ^}
2024-11-23 11:52:19.448 | INFO     | __main__:upload:84 - Writing
2024-11-23 11:52:20.747 | ERROR    | __main__:execute_query:23 - {code: Neo.ClientError.Statement.SyntaxError} {message: Invalid input ')': expected an identifier or an integer value (line 1, column 22 (offset: 21))
"CREATE (:Literature $)"
                      ^}
2024-11-23 11:52:57.950 | INFO     | __main__:upload:84 - Writing
2024-11-23 11:52:59.750 | ERROR    | __main__:execute_query:23 - {code: Neo.ClientError.Statement.SyntaxError} {message: Invalid input '+': expected ')' or 'WHERE' (line 5791, column 30 (offset: 181223))
"CREATE (:Keyword $TungstateW5+species)"
                              ^}
2024-11-23 11:53:12.408 | INFO     | __main__:upload:84 - Writing
2024-11-23 11:53:14.190 | ERROR    | __main__:execute_query:23 - {code: Neo.ClientError.Statement.SyntaxError} {message: Invalid input '+': expected ')' or 'WHERE' (line 5791, column 30 (offset: 181223))
"CREATE (:Keyword $TungstateW5+species)"
                              ^}
2024-11-23 11:53:36.363 | INFO     | __main__:upload:84 - Writing
2024-11-23 11:53:38.284 | ERROR    | __main__:execute_query:23 - {code: Neo.ClientError.Statement.SyntaxError} {message: Invalid input '0038377458': expected an identifier or an integer value (line 6069, column 21 (offset: 191502))
"CREATE (:Reference $0038377458)"
                     ^}
2024-11-24 07:38:15.770 | ERROR    | __main__:execute_query:22 - {code: Neo.ClientError.Statement.SyntaxError} {message: Invalid input 'n': expected an expression, 'FOREACH', ',', 'ORDER BY', 'CALL', 'CREATE', 'LOAD CSV', 'DELETE', 'DETACH', 'FINISH', 'INSERT', 'LIMIT', 'MATCH', 'MERGE', 'NODETACH', 'OFFSET', 'OPTIONAL', 'REMOVE', 'RETURN', 'SET', 'SKIP', 'UNION', 'UNWIND', 'USE', 'WITH' or <EOF> (line 5, column 13 (offset: 81))
"            n.publication_date = date(map.publication_date)"
             ^}
2024-11-24 07:38:15.780 | INFO     | __main__:<module>:62 - None
2024-11-24 07:38:35.407 | INFO     | __main__:<module>:62 - <neo4j._work.summary.ResultSummary object at 0x12f1e70d0>
2024-11-24 07:41:03.778 | INFO     | __main__:<module>:62 - <neo4j._work.summary.ResultSummary object at 0x15c7e7110>
2024-11-24 07:55:57.694 | ERROR    | __main__:execute_query:22 - {code: Neo.ClientError.Statement.SyntaxError} {message: Invalid input '.': expected a parameter, '&', ')', ':', 'WHERE', '{' or '|' (line 3, column 18 (offset: 42))
"    MATCH (a: rel.start.label {{id:rel.start.id}})"
                  ^}
2024-11-24 07:57:51.564 | ERROR    | __main__:execute_query:22 - {code: Neo.ClientError.Statement.SyntaxError} {message: Invalid input '.': expected a parameter, '&', ')', ':', 'WHERE', '{' or '|' (line 3, column 18 (offset: 42))
"    MATCH (a: rel.start.label {{id:rel.start.id}})"
                  ^}
2024-11-24 07:58:18.118 | ERROR    | __main__:execute_query:22 - {code: Neo.ClientError.Statement.SyntaxError} {message: Invalid input '.': expected a parameter, '&', ')', ':', 'WHERE', '{' or '|' (line 3, column 18 (offset: 42))
"    MATCH (a: rel.start_label {{id:rel.start_id}})"
                  ^}
2024-11-24 07:58:55.222 | ERROR    | __main__:execute_query:22 - {code: Neo.ClientError.Statement.SyntaxError} {message: Invalid input '.': expected a parameter, '&', ')', ':', 'WHERE', '{' or '|' (line 3, column 18 (offset: 42))
"    MATCH (a: rel.start_label {id:rel.start_id})"
                  ^}
2024-11-24 08:00:16.854 | ERROR    | __main__:execute_query:22 - {code: Neo.ClientError.Statement.SyntaxError} {message: Invalid input '{': expected a node label/relationship type name, '$', '%' or '(' (line 5, column 18 (offset: 104))
"    CREATE (a)-[:{rel.type}]->(b)"
                  ^}
2024-11-24 08:00:39.034 | ERROR    | __main__:execute_query:22 - {code: Neo.ClientError.Statement.SyntaxError} {message: Invalid input '{': expected a node label/relationship type name, '$', '%' or '(' (line 5, column 19 (offset: 105))
"    CREATE (a)-[r:{rel.type}]->(b)"
                   ^}
2024-11-24 08:01:56.563 | ERROR    | __main__:execute_query:22 - {code: Neo.ClientError.Statement.SyntaxError} {message: Invalid input '.': expected a parameter, '&', '*', ':', 'WHERE', ']', '{' or '|' (line 5, column 22 (offset: 108))
"    CREATE (a)-[r:rel.type]->(b)"
                      ^}
2024-12-06 22:03:47.429 | ERROR    | __main__:execute_query:22 - {code: Neo.DatabaseError.Statement.ExecutionFailed} {message: year must be an integer value, but was a StringWrappingStringValue}
2024-12-06 22:16:14.252 | INFO     | __main__:<module>:109 - 2031
2024-12-06 22:17:51.065 | INFO     | __main__:<module>:114 - 2025
2024-12-06 22:21:38.364 | ERROR    | __main__:execute_query:22 - {code: Neo.ClientError.Statement.SyntaxError} {message: Invalid input '.': expected a parameter, '&', ')', ':', 'WHERE', '{' or '|' (line 3, column 17 (offset: 42))
"    MATCH (a:rel.start_label {id:rel.start_id})"
                 ^}
2024-12-07 00:23:32.209 | ERROR    | __main__:execute_query:22 - Cannot resolve address abac2c7b.databases.neo4j.io:7687
2024-12-07 00:23:33.473 | ERROR    | __main__:execute_query:22 - Cannot resolve address abac2c7b.databases.neo4j.io:7687
2024-12-07 01:43:06.654 | ERROR    | __main__:execute_query:22 - Failed to read from defunct connection IPv4Address(('abac2c7b.databases.neo4j.io', 7687)) (ResolvedIPv4Address(('34.126.114.186', 7687)))
2024-12-07 18:25:56.980 | ERROR    | __main__:execute_query:22 - {code: Neo.ClientError.Statement.SyntaxError} {message: Invalid input '{': expected an identifier or '}' (line 3, column 26 (offset: 66))
"    MATCH (l:Literature {{id: r.id}})"
                          ^}
2024-12-07 18:26:22.013 | ERROR    | __main__:execute_query:22 - {code: Neo.ClientError.Statement.SyntaxError} {message: Invalid input '(': expected a parameter, '&', '*', ':', 'WHERE', ']', '{' or '|' (line 5, column 33 (offset: 136))
"    CREATE (source)-[newRel:TYPE(rel)]->(l)"
                                 ^}
2024-12-07 18:26:45.420 | ERROR    | __main__:execute_query:22 - {code: Neo.ClientError.Statement.SyntaxError} {message: Invalid input '(': expected a parameter, '&', '*', ':', 'WHERE', ']', '{' or '|' (line 5, column 33 (offset: 136))
"    CREATE (source)-[newRel:TYPE(rel)]->(l)"
                                 ^}
2024-12-07 18:26:55.246 | ERROR    | __main__:execute_query:22 - {code: Neo.ClientError.Statement.SyntaxError} {message: Invalid input '(': expected a parameter, '&', '*', ':', 'WHERE', ']', '{' or '|' (line 5, column 33 (offset: 136))
"    CREATE (source)-[newRel:TYPE(rel)]->(l)"
                                 ^}
2024-12-07 18:27:41.742 | ERROR    | __main__:execute_query:22 - {code: Neo.ClientError.Statement.SyntaxError} {message: Invalid input '(': expected a parameter, '&', '*', ':', 'WHERE', ']', '{' or '|' (line 5, column 33 (offset: 136))
"    CREATE (source)-[newRel:type(rel)]->(l)"
                                 ^}
2024-12-08 10:19:47.553 | ERROR    | __main__:execute_query:22 - {code: Neo.ClientError.Procedure.ProcedureCallFailed} {message: Failed to invoke procedure `apoc.export.csv.query`: Caused by: java.lang.RuntimeException: Export to files not enabled, please set apoc.export.file.enabled=true in your apoc.conf.
Otherwise, if you are running in a cloud environment without filesystem access, use the `{stream:true}` config and null as a 'file' parameter to stream the export back to your client.}
2024-12-08 10:21:54.662 | ERROR    | __main__:execute_query:22 - Existing exports of data: object cannot be re-sized
2024-12-08 16:46:30.410 | INFO     | __main__:import_batch:137 - Batch 1 processed
2024-12-08 16:46:33.375 | INFO     | __main__:import_batch:137 - Batch 2 processed
2024-12-08 16:46:36.234 | INFO     | __main__:import_batch:137 - Batch 3 processed
2024-12-08 16:46:39.011 | INFO     | __main__:import_batch:137 - Batch 4 processed
2024-12-08 16:46:46.227 | INFO     | __main__:import_batch:137 - Batch 5 processed
2024-12-08 16:46:48.726 | INFO     | __main__:import_batch:137 - Batch 6 processed
2024-12-08 16:46:51.210 | INFO     | __main__:import_batch:137 - Batch 7 processed
2024-12-08 16:46:53.761 | INFO     | __main__:import_batch:137 - Batch 8 processed
2024-12-08 16:46:56.713 | INFO     | __main__:import_batch:137 - Batch 9 processed
2024-12-08 16:47:01.193 | INFO     | __main__:import_batch:137 - Batch 10 processed
2024-12-08 16:47:05.159 | INFO     | __main__:import_batch:137 - Batch 11 processed
2024-12-08 16:47:08.476 | INFO     | __main__:import_batch:137 - Batch 12 processed
2024-12-08 16:47:11.354 | INFO     | __main__:import_batch:137 - Batch 13 processed
2024-12-08 16:47:14.654 | INFO     | __main__:import_batch:137 - Batch 14 processed
2024-12-08 16:47:17.493 | INFO     | __main__:import_batch:137 - Batch 15 processed
2024-12-08 16:47:20.893 | INFO     | __main__:import_batch:137 - Batch 16 processed
2024-12-08 16:47:23.517 | INFO     | __main__:import_batch:137 - Batch 17 processed
2024-12-08 16:47:26.340 | INFO     | __main__:import_batch:137 - Batch 18 processed
2024-12-08 16:47:28.973 | INFO     | __main__:import_batch:137 - Batch 19 processed
2024-12-08 16:47:31.301 | INFO     | __main__:import_batch:137 - Batch 20 processed
2024-12-08 16:47:35.368 | INFO     | __main__:import_batch:137 - Batch 21 processed
2024-12-08 16:47:38.761 | INFO     | __main__:import_batch:137 - Batch 22 processed
2024-12-08 16:47:41.215 | INFO     | __main__:import_batch:137 - Batch 23 processed
2024-12-08 16:47:44.341 | INFO     | __main__:import_batch:137 - Batch 24 processed
2024-12-08 16:47:47.941 | INFO     | __main__:import_batch:137 - Batch 25 processed
2024-12-08 16:47:49.469 | INFO     | __main__:import_batch:137 - Batch 26 processed
2024-12-08 16:47:51.115 | INFO     | __main__:import_batch:137 - Batch 27 processed
2024-12-08 16:47:53.961 | INFO     | __main__:import_batch:137 - Batch 28 processed
2024-12-08 16:47:56.831 | INFO     | __main__:import_batch:137 - Batch 29 processed
2024-12-08 16:47:58.521 | INFO     | __main__:import_batch:137 - Batch 30 processed
2024-12-08 16:48:02.019 | INFO     | __main__:import_batch:137 - Batch 31 processed
2024-12-08 16:48:03.874 | INFO     | __main__:import_batch:137 - Batch 32 processed
2024-12-08 16:48:05.820 | INFO     | __main__:import_batch:137 - Batch 33 processed
2024-12-08 16:48:08.826 | INFO     | __main__:import_batch:137 - Batch 34 processed
2024-12-08 16:48:12.158 | INFO     | __main__:import_batch:137 - Batch 35 processed
2024-12-08 16:48:14.844 | INFO     | __main__:import_batch:137 - Batch 36 processed
2024-12-08 16:48:20.643 | INFO     | __main__:import_batch:137 - Batch 37 processed
2024-12-08 16:48:23.817 | INFO     | __main__:import_batch:137 - Batch 38 processed
2024-12-08 16:48:26.853 | INFO     | __main__:import_batch:137 - Batch 39 processed
2024-12-08 16:48:29.557 | INFO     | __main__:import_batch:137 - Batch 40 processed
2024-12-08 16:48:32.589 | INFO     | __main__:import_batch:137 - Batch 41 processed
2024-12-08 16:48:34.771 | INFO     | __main__:import_batch:137 - Batch 42 processed
2024-12-08 16:48:35.956 | INFO     | __main__:import_batch:137 - Batch 43 processed
2024-12-08 16:48:39.061 | INFO     | __main__:import_batch:137 - Batch 44 processed
2024-12-08 16:48:41.834 | INFO     | __main__:import_batch:137 - Batch 45 processed
2024-12-08 16:48:44.170 | INFO     | __main__:import_batch:137 - Batch 46 processed
2024-12-08 16:48:46.194 | INFO     | __main__:import_batch:137 - Batch 47 processed
2024-12-08 16:48:49.558 | INFO     | __main__:import_batch:137 - Batch 48 processed
2024-12-08 16:48:51.993 | INFO     | __main__:import_batch:137 - Batch 49 processed
2024-12-08 16:48:54.993 | INFO     | __main__:import_batch:137 - Batch 50 processed
2024-12-08 16:48:57.971 | INFO     | __main__:import_batch:137 - Batch 51 processed
2024-12-08 16:49:00.390 | INFO     | __main__:import_batch:137 - Batch 52 processed
2024-12-08 16:49:03.624 | INFO     | __main__:import_batch:137 - Batch 53 processed
2024-12-08 16:49:06.572 | INFO     | __main__:import_batch:137 - Batch 54 processed
2024-12-08 16:49:09.382 | INFO     | __main__:import_batch:137 - Batch 55 processed
2024-12-08 16:49:12.593 | INFO     | __main__:import_batch:137 - Batch 56 processed
2024-12-08 16:49:15.698 | INFO     | __main__:import_batch:137 - Batch 57 processed
2024-12-08 16:49:18.330 | INFO     | __main__:import_batch:137 - Batch 58 processed
2024-12-08 16:49:20.284 | INFO     | __main__:import_batch:137 - Batch 59 processed
2024-12-08 16:49:22.570 | INFO     | __main__:import_batch:137 - Batch 60 processed
2024-12-08 16:49:25.399 | INFO     | __main__:import_batch:137 - Batch 61 processed
2024-12-08 16:49:27.670 | INFO     | __main__:import_batch:137 - Batch 62 processed
2024-12-08 16:49:29.923 | INFO     | __main__:import_batch:137 - Batch 63 processed
2024-12-08 16:49:32.057 | INFO     | __main__:import_batch:137 - Batch 64 processed
2024-12-08 16:49:34.819 | INFO     | __main__:import_batch:137 - Batch 65 processed
2024-12-08 16:49:37.890 | INFO     | __main__:import_batch:137 - Batch 66 processed
2024-12-08 16:49:40.117 | INFO     | __main__:import_batch:137 - Batch 67 processed
2024-12-08 16:49:44.407 | INFO     | __main__:import_batch:137 - Batch 68 processed
2024-12-08 17:08:03.281 | INFO     | __main__:import_batch:137 - <neo4j._work.summary.ResultSummary object at 0x14dca4cd0>
2024-12-08 17:08:03.283 | INFO     | __main__:import_batch:138 - Batch 1 processed
2024-12-08 17:08:06.388 | INFO     | __main__:import_batch:137 - <neo4j._work.summary.ResultSummary object at 0x14dcc9b50>
2024-12-08 17:08:06.389 | INFO     | __main__:import_batch:138 - Batch 2 processed
2024-12-08 17:08:09.263 | INFO     | __main__:import_batch:137 - <neo4j._work.summary.ResultSummary object at 0x14dccff90>
2024-12-08 17:08:09.264 | INFO     | __main__:import_batch:138 - Batch 3 processed
2024-12-08 17:08:12.376 | INFO     | __main__:import_batch:137 - <neo4j._work.summary.ResultSummary object at 0x14dccd910>
2024-12-08 17:08:12.376 | INFO     | __main__:import_batch:138 - Batch 4 processed
2024-12-08 17:08:16.308 | INFO     | __main__:import_batch:137 - <neo4j._work.summary.ResultSummary object at 0x14dcc8250>
2024-12-08 17:08:16.309 | INFO     | __main__:import_batch:138 - Batch 5 processed
2024-12-08 17:08:19.510 | INFO     | __main__:import_batch:137 - <neo4j._work.summary.ResultSummary object at 0x14dcb7410>
2024-12-08 17:08:19.511 | INFO     | __main__:import_batch:138 - Batch 6 processed
2024-12-08 17:08:22.279 | INFO     | __main__:import_batch:137 - <neo4j._work.summary.ResultSummary object at 0x14dcc0250>
2024-12-08 17:08:22.279 | INFO     | __main__:import_batch:138 - Batch 7 processed
2024-12-08 17:08:24.955 | INFO     | __main__:import_batch:137 - <neo4j._work.summary.ResultSummary object at 0x14dca7290>
2024-12-08 17:08:24.955 | INFO     | __main__:import_batch:138 - Batch 8 processed
2024-12-08 17:08:28.394 | INFO     | __main__:import_batch:137 - <neo4j._work.summary.ResultSummary object at 0x14dccc110>
2024-12-08 17:08:28.394 | INFO     | __main__:import_batch:138 - Batch 9 processed
2024-12-08 17:10:56.897 | INFO     | __main__:import_batch:137 - Nodes matched: 0
2024-12-08 17:10:56.899 | INFO     | __main__:import_batch:138 - Batch 1 processed
2024-12-08 17:11:00.783 | INFO     | __main__:import_batch:137 - Nodes matched: 0
2024-12-08 17:11:00.786 | INFO     | __main__:import_batch:138 - Batch 2 processed
2024-12-08 17:11:03.008 | INFO     | __main__:import_batch:137 - Nodes matched: 0
2024-12-08 17:11:03.008 | INFO     | __main__:import_batch:138 - Batch 3 processed
2024-12-08 17:11:05.787 | INFO     | __main__:import_batch:137 - Nodes matched: 0
2024-12-08 17:11:05.788 | INFO     | __main__:import_batch:138 - Batch 4 processed
2024-12-08 17:11:08.747 | INFO     | __main__:import_batch:137 - Nodes matched: 0
2024-12-08 17:11:08.748 | INFO     | __main__:import_batch:138 - Batch 5 processed
2024-12-08 17:11:11.214 | INFO     | __main__:import_batch:137 - Nodes matched: 0
2024-12-08 17:11:11.214 | INFO     | __main__:import_batch:138 - Batch 6 processed
2024-12-08 17:11:14.101 | INFO     | __main__:import_batch:137 - Nodes matched: 0
2024-12-08 17:11:14.102 | INFO     | __main__:import_batch:138 - Batch 7 processed
2024-12-08 17:11:17.647 | INFO     | __main__:import_batch:137 - Nodes matched: 0
2024-12-08 17:11:17.647 | INFO     | __main__:import_batch:138 - Batch 8 processed
2024-12-08 17:11:19.441 | INFO     | __main__:import_batch:137 - Nodes matched: 0
2024-12-08 17:11:19.441 | INFO     | __main__:import_batch:138 - Batch 9 processed
2024-12-08 17:11:22.381 | INFO     | __main__:import_batch:137 - Nodes matched: 0
2024-12-08 17:11:22.382 | INFO     | __main__:import_batch:138 - Batch 10 processed
2024-12-08 17:11:25.329 | INFO     | __main__:import_batch:137 - Nodes matched: 0
2024-12-08 17:11:25.329 | INFO     | __main__:import_batch:138 - Batch 11 processed
2024-12-08 17:11:28.526 | INFO     | __main__:import_batch:137 - Nodes matched: 0
2024-12-08 17:11:28.527 | INFO     | __main__:import_batch:138 - Batch 12 processed
2024-12-08 17:11:32.650 | INFO     | __main__:import_batch:137 - Nodes matched: 0
2024-12-08 17:11:32.651 | INFO     | __main__:import_batch:138 - Batch 13 processed
2024-12-08 17:11:34.475 | INFO     | __main__:import_batch:137 - Nodes matched: 0
2024-12-08 17:11:34.475 | INFO     | __main__:import_batch:138 - Batch 14 processed
2024-12-08 17:11:37.480 | INFO     | __main__:import_batch:137 - Nodes matched: 0
2024-12-08 17:11:37.481 | INFO     | __main__:import_batch:138 - Batch 15 processed
2024-12-08 17:11:40.481 | INFO     | __main__:import_batch:137 - Nodes matched: 0
2024-12-08 17:11:40.482 | INFO     | __main__:import_batch:138 - Batch 16 processed
2024-12-08 17:11:43.477 | INFO     | __main__:import_batch:137 - Nodes matched: 0
2024-12-08 17:11:43.479 | INFO     | __main__:import_batch:138 - Batch 17 processed
2024-12-08 17:11:46.354 | INFO     | __main__:import_batch:137 - Nodes matched: 0
2024-12-08 17:11:46.355 | INFO     | __main__:import_batch:138 - Batch 18 processed
2024-12-08 17:11:50.239 | INFO     | __main__:import_batch:137 - Nodes matched: 0
2024-12-08 17:11:50.240 | INFO     | __main__:import_batch:138 - Batch 19 processed
2024-12-08 17:11:53.087 | INFO     | __main__:import_batch:137 - Nodes matched: 0
2024-12-08 17:11:53.109 | INFO     | __main__:import_batch:138 - Batch 20 processed
2024-12-08 17:11:55.966 | INFO     | __main__:import_batch:137 - Nodes matched: 0
2024-12-08 17:11:55.967 | INFO     | __main__:import_batch:138 - Batch 21 processed
2024-12-08 17:11:58.510 | INFO     | __main__:import_batch:137 - Nodes matched: 0
2024-12-08 17:11:58.511 | INFO     | __main__:import_batch:138 - Batch 22 processed
2024-12-08 17:12:01.386 | INFO     | __main__:import_batch:137 - Nodes matched: 0
2024-12-08 17:12:01.388 | INFO     | __main__:import_batch:138 - Batch 23 processed
2024-12-08 17:12:02.871 | INFO     | __main__:import_batch:137 - Nodes matched: 0
2024-12-08 17:12:02.872 | INFO     | __main__:import_batch:138 - Batch 24 processed
2024-12-08 17:12:05.875 | INFO     | __main__:import_batch:137 - Nodes matched: 0
2024-12-08 17:12:05.876 | INFO     | __main__:import_batch:138 - Batch 25 processed
2024-12-08 17:12:08.746 | INFO     | __main__:import_batch:137 - Nodes matched: 0
2024-12-08 17:12:08.747 | INFO     | __main__:import_batch:138 - Batch 26 processed
2024-12-08 17:12:11.666 | INFO     | __main__:import_batch:137 - Nodes matched: 0
2024-12-08 17:12:11.669 | INFO     | __main__:import_batch:138 - Batch 27 processed
2024-12-08 17:12:13.893 | INFO     | __main__:import_batch:137 - Nodes matched: 0
2024-12-08 17:12:13.894 | INFO     | __main__:import_batch:138 - Batch 28 processed
2024-12-08 17:12:16.707 | INFO     | __main__:import_batch:137 - Nodes matched: 0
2024-12-08 17:12:16.708 | INFO     | __main__:import_batch:138 - Batch 29 processed
2024-12-08 17:12:19.594 | INFO     | __main__:import_batch:137 - Nodes matched: 0
2024-12-08 17:12:19.594 | INFO     | __main__:import_batch:138 - Batch 30 processed
2024-12-08 17:12:22.650 | INFO     | __main__:import_batch:137 - Nodes matched: 0
2024-12-08 17:12:22.651 | INFO     | __main__:import_batch:138 - Batch 31 processed
2024-12-08 17:12:25.160 | INFO     | __main__:import_batch:137 - Nodes matched: 0
2024-12-08 17:12:25.162 | INFO     | __main__:import_batch:138 - Batch 32 processed
2024-12-08 17:12:27.088 | INFO     | __main__:import_batch:137 - Nodes matched: 0
2024-12-08 17:12:27.089 | INFO     | __main__:import_batch:138 - Batch 33 processed
2024-12-08 17:12:30.265 | INFO     | __main__:import_batch:137 - Nodes matched: 0
2024-12-08 17:12:30.265 | INFO     | __main__:import_batch:138 - Batch 34 processed
2024-12-08 17:12:32.587 | INFO     | __main__:import_batch:137 - Nodes matched: 0
2024-12-08 17:12:32.588 | INFO     | __main__:import_batch:138 - Batch 35 processed
2024-12-08 17:12:35.517 | INFO     | __main__:import_batch:137 - Nodes matched: 0
2024-12-08 17:12:35.519 | INFO     | __main__:import_batch:138 - Batch 36 processed
2024-12-08 17:12:37.958 | INFO     | __main__:import_batch:137 - Nodes matched: 0
2024-12-08 17:12:37.959 | INFO     | __main__:import_batch:138 - Batch 37 processed
2024-12-08 17:12:43.589 | INFO     | __main__:import_batch:137 - Nodes matched: 0
2024-12-08 17:12:43.590 | INFO     | __main__:import_batch:138 - Batch 38 processed
2024-12-08 17:12:46.260 | INFO     | __main__:import_batch:137 - Nodes matched: 0
2024-12-08 17:12:46.261 | INFO     | __main__:import_batch:138 - Batch 39 processed
2024-12-08 17:12:49.049 | INFO     | __main__:import_batch:137 - Nodes matched: 0
2024-12-08 17:12:49.049 | INFO     | __main__:import_batch:138 - Batch 40 processed
2024-12-08 17:12:52.283 | INFO     | __main__:import_batch:137 - Nodes matched: 0
2024-12-08 17:12:52.283 | INFO     | __main__:import_batch:138 - Batch 41 processed
2024-12-08 17:12:55.134 | INFO     | __main__:import_batch:137 - Nodes matched: 0
2024-12-08 17:12:55.136 | INFO     | __main__:import_batch:138 - Batch 42 processed
2024-12-08 17:12:56.781 | INFO     | __main__:import_batch:137 - Nodes matched: 0
2024-12-08 17:12:56.782 | INFO     | __main__:import_batch:138 - Batch 43 processed
2024-12-08 17:12:59.644 | INFO     | __main__:import_batch:137 - Nodes matched: 0
2024-12-08 17:12:59.645 | INFO     | __main__:import_batch:138 - Batch 44 processed
2024-12-08 17:13:05.692 | INFO     | __main__:import_batch:137 - Nodes matched: 0
2024-12-08 17:13:05.694 | INFO     | __main__:import_batch:138 - Batch 45 processed
2024-12-08 17:13:08.646 | INFO     | __main__:import_batch:137 - Nodes matched: 0
2024-12-08 17:13:08.647 | INFO     | __main__:import_batch:138 - Batch 46 processed
2024-12-08 17:13:10.198 | INFO     | __main__:import_batch:137 - Nodes matched: 0
2024-12-08 17:13:10.198 | INFO     | __main__:import_batch:138 - Batch 47 processed
2024-12-08 17:13:13.094 | INFO     | __main__:import_batch:137 - Nodes matched: 0
2024-12-08 17:13:13.094 | INFO     | __main__:import_batch:138 - Batch 48 processed
2024-12-08 17:13:15.664 | INFO     | __main__:import_batch:137 - Nodes matched: 0
2024-12-08 17:13:15.665 | INFO     | __main__:import_batch:138 - Batch 49 processed
2024-12-08 17:13:18.264 | INFO     | __main__:import_batch:137 - Nodes matched: 0
2024-12-08 17:13:18.265 | INFO     | __main__:import_batch:138 - Batch 50 processed
2024-12-08 17:13:21.264 | INFO     | __main__:import_batch:137 - Nodes matched: 0
2024-12-08 17:13:21.265 | INFO     | __main__:import_batch:138 - Batch 51 processed
2024-12-08 17:13:24.428 | INFO     | __main__:import_batch:137 - Nodes matched: 0
2024-12-08 17:13:24.429 | INFO     | __main__:import_batch:138 - Batch 52 processed
2024-12-08 17:13:27.032 | INFO     | __main__:import_batch:137 - Nodes matched: 0
2024-12-08 17:13:27.034 | INFO     | __main__:import_batch:138 - Batch 53 processed
2024-12-08 17:13:29.480 | INFO     | __main__:import_batch:137 - Nodes matched: 0
2024-12-08 17:13:29.480 | INFO     | __main__:import_batch:138 - Batch 54 processed
2024-12-08 17:13:32.426 | INFO     | __main__:import_batch:137 - Nodes matched: 0
2024-12-08 17:13:32.426 | INFO     | __main__:import_batch:138 - Batch 55 processed
2024-12-08 17:13:35.224 | INFO     | __main__:import_batch:137 - Nodes matched: 0
2024-12-08 17:13:35.225 | INFO     | __main__:import_batch:138 - Batch 56 processed
2024-12-08 17:13:38.158 | INFO     | __main__:import_batch:137 - Nodes matched: 0
2024-12-08 17:13:38.159 | INFO     | __main__:import_batch:138 - Batch 57 processed
2024-12-08 17:13:41.751 | INFO     | __main__:import_batch:137 - Nodes matched: 0
2024-12-08 17:13:41.752 | INFO     | __main__:import_batch:138 - Batch 58 processed
2024-12-08 17:13:44.844 | INFO     | __main__:import_batch:137 - Nodes matched: 0
2024-12-08 17:13:44.845 | INFO     | __main__:import_batch:138 - Batch 59 processed
2024-12-08 17:13:48.024 | INFO     | __main__:import_batch:137 - Nodes matched: 0
2024-12-08 17:13:48.026 | INFO     | __main__:import_batch:138 - Batch 60 processed
2024-12-08 17:13:50.944 | INFO     | __main__:import_batch:137 - Nodes matched: 0
2024-12-08 17:13:50.945 | INFO     | __main__:import_batch:138 - Batch 61 processed
2024-12-08 17:13:54.225 | INFO     | __main__:import_batch:137 - Nodes matched: 0
2024-12-08 17:13:54.226 | INFO     | __main__:import_batch:138 - Batch 62 processed
2024-12-08 17:13:57.405 | INFO     | __main__:import_batch:137 - Nodes matched: 0
2024-12-08 17:13:57.407 | INFO     | __main__:import_batch:138 - Batch 63 processed
2024-12-08 17:14:00.068 | INFO     | __main__:import_batch:137 - Nodes matched: 0
2024-12-08 17:14:00.068 | INFO     | __main__:import_batch:138 - Batch 64 processed
2024-12-08 17:14:03.447 | INFO     | __main__:import_batch:137 - Nodes matched: 0
2024-12-08 17:14:03.448 | INFO     | __main__:import_batch:138 - Batch 65 processed
2024-12-08 17:14:04.823 | INFO     | __main__:import_batch:137 - Nodes matched: 0
2024-12-08 17:14:04.824 | INFO     | __main__:import_batch:138 - Batch 66 processed
2024-12-08 17:14:07.642 | INFO     | __main__:import_batch:137 - Nodes matched: 0
2024-12-08 17:14:07.645 | INFO     | __main__:import_batch:138 - Batch 67 processed
2024-12-08 17:14:10.207 | INFO     | __main__:import_batch:137 - Nodes matched: 0
2024-12-08 17:14:10.208 | INFO     | __main__:import_batch:138 - Batch 68 processed
2024-12-08 17:21:13.784 | INFO     | __main__:import_batch:138 - Nodes matched: 0
2024-12-08 17:21:13.786 | INFO     | __main__:import_batch:139 - Batch 1 processed
2024-12-08 17:21:17.126 | INFO     | __main__:import_batch:138 - Nodes matched: 0
2024-12-08 17:21:17.127 | INFO     | __main__:import_batch:139 - Batch 2 processed
2024-12-08 17:21:20.077 | INFO     | __main__:import_batch:138 - Nodes matched: 0
2024-12-08 17:21:20.078 | INFO     | __main__:import_batch:139 - Batch 3 processed
2024-12-08 17:21:22.439 | INFO     | __main__:import_batch:138 - Nodes matched: 0
2024-12-08 17:21:22.440 | INFO     | __main__:import_batch:139 - Batch 4 processed
2024-12-08 17:21:25.198 | INFO     | __main__:import_batch:138 - Nodes matched: 0
2024-12-08 17:21:25.200 | INFO     | __main__:import_batch:139 - Batch 5 processed
2024-12-08 17:21:28.038 | INFO     | __main__:import_batch:138 - Nodes matched: 0
2024-12-08 17:21:28.038 | INFO     | __main__:import_batch:139 - Batch 6 processed
2024-12-08 17:21:31.145 | INFO     | __main__:import_batch:138 - Nodes matched: 0
2024-12-08 17:21:31.146 | INFO     | __main__:import_batch:139 - Batch 7 processed
2024-12-08 17:25:35.652 | INFO     | __main__:import_batch:138 - Nodes matched: 0
2024-12-08 17:25:35.654 | INFO     | __main__:import_batch:139 - Batch 1 processed
2024-12-08 17:25:38.577 | INFO     | __main__:import_batch:138 - Nodes matched: 0
2024-12-08 17:25:38.578 | INFO     | __main__:import_batch:139 - Batch 2 processed
2024-12-08 17:25:41.296 | INFO     | __main__:import_batch:138 - Nodes matched: 0
2024-12-08 17:25:41.296 | INFO     | __main__:import_batch:139 - Batch 3 processed
2024-12-08 17:29:04.241 | INFO     | __main__:import_batch:138 - Nodes matched: 0
2024-12-08 17:29:04.242 | INFO     | __main__:import_batch:139 - Batch 1 processed
2024-12-08 17:29:07.126 | INFO     | __main__:import_batch:138 - Nodes matched: 0
2024-12-08 17:29:07.128 | INFO     | __main__:import_batch:139 - Batch 2 processed
2024-12-08 17:29:10.075 | INFO     | __main__:import_batch:138 - Nodes matched: 0
2024-12-08 17:29:10.075 | INFO     | __main__:import_batch:139 - Batch 3 processed
2024-12-08 17:29:13.122 | INFO     | __main__:import_batch:138 - Nodes matched: 0
2024-12-08 17:29:13.123 | INFO     | __main__:import_batch:139 - Batch 4 processed
2024-12-08 17:29:16.100 | INFO     | __main__:import_batch:138 - Nodes matched: 0
2024-12-08 17:29:16.101 | INFO     | __main__:import_batch:139 - Batch 5 processed
2024-12-08 17:29:19.281 | INFO     | __main__:import_batch:138 - Nodes matched: 0
2024-12-08 17:29:19.282 | INFO     | __main__:import_batch:139 - Batch 6 processed
2024-12-08 17:44:09.694 | INFO     | __main__:import_batch:139 - Batch 1 processed
2024-12-08 17:44:12.823 | INFO     | __main__:import_batch:139 - Batch 2 processed
2024-12-08 17:44:18.860 | INFO     | __main__:import_batch:139 - Batch 3 processed
2024-12-08 17:44:23.097 | INFO     | __main__:import_batch:139 - Batch 4 processed
2024-12-08 17:44:32.755 | INFO     | __main__:import_batch:139 - Batch 5 processed
2024-12-08 17:44:39.228 | INFO     | __main__:import_batch:139 - Batch 6 processed
2024-12-08 17:44:48.414 | INFO     | __main__:import_batch:139 - Batch 7 processed
2024-12-08 17:44:53.504 | INFO     | __main__:import_batch:139 - Batch 8 processed
2024-12-08 17:44:58.328 | INFO     | __main__:import_batch:139 - Batch 9 processed
2024-12-08 17:45:06.274 | INFO     | __main__:import_batch:139 - Batch 10 processed
2024-12-08 17:45:46.020 | INFO     | __main__:import_batch:139 - Batch 11 processed
2024-12-08 17:50:12.718 | INFO     | __main__:import_batch:139 - Batch 1 processed
2024-12-08 17:50:16.263 | INFO     | __main__:import_batch:139 - Batch 2 processed
2024-12-08 17:50:18.623 | INFO     | __main__:import_batch:139 - Batch 3 processed
2024-12-08 17:50:21.683 | INFO     | __main__:import_batch:139 - Batch 4 processed
2024-12-08 17:50:24.755 | INFO     | __main__:import_batch:139 - Batch 5 processed
2024-12-08 17:50:26.829 | INFO     | __main__:import_batch:139 - Batch 6 processed
2024-12-08 17:50:31.202 | INFO     | __main__:import_batch:139 - Batch 7 processed
2024-12-08 17:50:34.184 | INFO     | __main__:import_batch:139 - Batch 8 processed
2024-12-08 17:50:37.243 | INFO     | __main__:import_batch:139 - Batch 9 processed
2024-12-08 17:50:40.363 | INFO     | __main__:import_batch:139 - Batch 10 processed
2024-12-08 17:50:42.779 | INFO     | __main__:import_batch:139 - Batch 11 processed
2024-12-08 18:02:34.348 | INFO     | __main__:import_batch:139 - Batch 12 processed
2024-12-08 18:02:38.983 | INFO     | __main__:import_batch:139 - Batch 13 processed
2024-12-08 18:02:41.775 | INFO     | __main__:import_batch:139 - Batch 14 processed
2024-12-08 18:02:44.851 | INFO     | __main__:import_batch:139 - Batch 15 processed
2024-12-08 18:02:51.216 | INFO     | __main__:import_batch:139 - Batch 16 processed
2024-12-08 18:02:54.493 | INFO     | __main__:import_batch:139 - Batch 17 processed
2024-12-08 18:02:57.950 | INFO     | __main__:import_batch:139 - Batch 18 processed
2024-12-08 18:03:01.748 | INFO     | __main__:import_batch:139 - Batch 19 processed
2024-12-08 18:03:05.322 | INFO     | __main__:import_batch:139 - Batch 20 processed
2024-12-08 18:07:13.867 | INFO     | __main__:import_batch:139 - Batch 1 processed
2024-12-08 18:07:17.110 | INFO     | __main__:import_batch:139 - Batch 2 processed
2024-12-08 18:07:20.417 | INFO     | __main__:import_batch:139 - Batch 3 processed
2024-12-08 18:07:23.443 | INFO     | __main__:import_batch:139 - Batch 4 processed
2024-12-08 18:07:26.323 | INFO     | __main__:import_batch:139 - Batch 5 processed
2024-12-08 18:07:29.148 | INFO     | __main__:import_batch:139 - Batch 6 processed
2024-12-08 18:07:31.781 | INFO     | __main__:import_batch:139 - Batch 7 processed
2024-12-08 18:07:34.704 | INFO     | __main__:import_batch:139 - Batch 8 processed
2024-12-08 18:07:37.581 | INFO     | __main__:import_batch:139 - Batch 9 processed
2024-12-08 18:07:40.482 | INFO     | __main__:import_batch:139 - Batch 10 processed
2024-12-08 18:07:43.610 | INFO     | __main__:import_batch:139 - Batch 11 processed
2024-12-08 18:07:46.802 | INFO     | __main__:import_batch:139 - Batch 12 processed
2024-12-08 18:07:49.562 | INFO     | __main__:import_batch:139 - Batch 13 processed
2024-12-08 18:07:53.072 | INFO     | __main__:import_batch:139 - Batch 14 processed
2024-12-08 18:07:56.149 | INFO     | __main__:import_batch:139 - Batch 15 processed
2024-12-08 18:07:59.425 | INFO     | __main__:import_batch:139 - Batch 16 processed
2024-12-08 18:08:03.462 | INFO     | __main__:import_batch:139 - Batch 17 processed
2024-12-08 18:08:06.598 | INFO     | __main__:import_batch:139 - Batch 18 processed
2024-12-08 18:08:09.863 | INFO     | __main__:import_batch:139 - Batch 19 processed
2024-12-08 18:08:12.668 | INFO     | __main__:import_batch:139 - Batch 20 processed
2024-12-08 18:08:19.269 | INFO     | __main__:import_batch:139 - Batch 21 processed
2024-12-08 18:08:22.679 | INFO     | __main__:import_batch:139 - Batch 22 processed
2024-12-08 18:08:25.983 | INFO     | __main__:import_batch:139 - Batch 23 processed
2024-12-08 18:08:29.886 | INFO     | __main__:import_batch:139 - Batch 24 processed
2024-12-08 18:08:33.195 | INFO     | __main__:import_batch:139 - Batch 25 processed
2024-12-08 18:08:36.496 | INFO     | __main__:import_batch:139 - Batch 26 processed
2024-12-08 18:08:39.693 | INFO     | __main__:import_batch:139 - Batch 27 processed
2024-12-08 18:08:43.261 | INFO     | __main__:import_batch:139 - Batch 28 processed
2024-12-08 18:08:46.636 | INFO     | __main__:import_batch:139 - Batch 29 processed
2024-12-08 18:08:50.254 | INFO     | __main__:import_batch:139 - Batch 30 processed
2024-12-08 18:08:53.815 | INFO     | __main__:import_batch:139 - Batch 31 processed
2024-12-08 18:08:57.276 | INFO     | __main__:import_batch:139 - Batch 32 processed
2024-12-08 18:09:00.449 | INFO     | __main__:import_batch:139 - Batch 33 processed
2024-12-08 18:09:03.608 | INFO     | __main__:import_batch:139 - Batch 34 processed
2024-12-08 18:09:06.488 | INFO     | __main__:import_batch:139 - Batch 35 processed
2024-12-08 18:09:09.626 | INFO     | __main__:import_batch:139 - Batch 36 processed
2024-12-08 18:09:12.635 | INFO     | __main__:import_batch:139 - Batch 37 processed
2024-12-08 18:09:16.230 | INFO     | __main__:import_batch:139 - Batch 38 processed
2024-12-08 18:09:23.886 | INFO     | __main__:import_batch:139 - Batch 39 processed
2024-12-08 18:09:27.391 | INFO     | __main__:import_batch:139 - Batch 40 processed
2024-12-08 18:09:30.518 | INFO     | __main__:import_batch:139 - Batch 41 processed
2024-12-08 18:15:08.926 | INFO     | __main__:import_batch:139 - Batch 1 processed
2024-12-08 18:15:11.313 | INFO     | __main__:import_batch:139 - Batch 2 processed
2024-12-08 18:15:13.943 | INFO     | __main__:import_batch:139 - Batch 3 processed
2024-12-08 18:15:16.733 | INFO     | __main__:import_batch:139 - Batch 4 processed
2024-12-08 18:15:19.815 | INFO     | __main__:import_batch:139 - Batch 5 processed
2024-12-08 18:15:23.396 | INFO     | __main__:import_batch:139 - Batch 6 processed
2024-12-08 18:15:27.392 | INFO     | __main__:import_batch:139 - Batch 7 processed
2024-12-08 18:18:09.037 | INFO     | __main__:import_batch:139 - Batch 1 processed
2024-12-08 18:51:52.641 | INFO     | __main__:import_batch:139 - Batch 1 processed
2024-12-08 18:51:58.231 | INFO     | __main__:import_batch:139 - Batch 2 processed
2024-12-08 18:52:02.389 | INFO     | __main__:import_batch:139 - Batch 3 processed
2024-12-08 18:52:08.408 | INFO     | __main__:import_batch:139 - Batch 4 processed
2024-12-08 18:52:14.457 | INFO     | __main__:import_batch:139 - Batch 5 processed
2024-12-08 18:52:20.212 | INFO     | __main__:import_batch:139 - Batch 6 processed
2024-12-08 18:52:25.026 | INFO     | __main__:import_batch:139 - Batch 7 processed
2024-12-08 18:52:30.847 | INFO     | __main__:import_batch:139 - Batch 8 processed
2024-12-08 18:52:34.967 | INFO     | __main__:import_batch:139 - Batch 9 processed
2024-12-08 18:52:39.859 | INFO     | __main__:import_batch:139 - Batch 10 processed
2024-12-08 18:52:45.600 | INFO     | __main__:import_batch:139 - Batch 11 processed
2024-12-08 18:52:51.946 | INFO     | __main__:import_batch:139 - Batch 12 processed
2024-12-08 18:52:56.480 | INFO     | __main__:import_batch:139 - Batch 13 processed
2024-12-08 18:53:01.880 | INFO     | __main__:import_batch:139 - Batch 14 processed
2024-12-08 18:53:07.301 | INFO     | __main__:import_batch:139 - Batch 15 processed
2024-12-08 18:53:13.758 | INFO     | __main__:import_batch:139 - Batch 16 processed
2024-12-08 18:53:19.782 | INFO     | __main__:import_batch:139 - Batch 17 processed
2024-12-08 18:53:25.880 | INFO     | __main__:import_batch:139 - Batch 18 processed
2024-12-08 18:53:30.399 | INFO     | __main__:import_batch:139 - Batch 19 processed
2024-12-08 18:53:34.237 | INFO     | __main__:import_batch:139 - Batch 20 processed
2024-12-08 18:53:38.657 | INFO     | __main__:import_batch:139 - Batch 21 processed
2024-12-08 18:53:43.527 | INFO     | __main__:import_batch:139 - Batch 22 processed
2024-12-08 18:53:47.648 | INFO     | __main__:import_batch:139 - Batch 23 processed
2024-12-08 18:53:52.309 | INFO     | __main__:import_batch:139 - Batch 24 processed
2024-12-08 18:53:56.519 | INFO     | __main__:import_batch:139 - Batch 25 processed
2024-12-08 18:53:59.941 | INFO     | __main__:import_batch:139 - Batch 26 processed
2024-12-08 21:35:32.111 | INFO     | __main__:import_batch:139 - Batch 1 processed
2024-12-08 21:35:34.783 | INFO     | __main__:import_batch:139 - Batch 2 processed
2024-12-08 21:35:37.651 | INFO     | __main__:import_batch:139 - Batch 3 processed
2024-12-08 21:35:40.449 | INFO     | __main__:import_batch:139 - Batch 4 processed
2024-12-08 21:35:43.344 | INFO     | __main__:import_batch:139 - Batch 5 processed
2024-12-08 21:53:05.818 | INFO     | __main__:import_batch:139 - Batch 1 processed
2024-12-08 22:07:30.986 | ERROR    | __main__:execute_query:22 - {code: Neo.ClientError.Statement.SyntaxError} {message: Failed to create vector node index: Invalid option provided, valid options are `indexProvider` and `indexConfig`. (line 2, column 5 (offset: 5))
"    CREATE VECTOR INDEX AbstractI"
     ^}
2024-12-08 22:22:39.958 | ERROR    | __main__:execute_query:22 - {code: Neo.ClientError.Schema.EquivalentSchemaRuleAlreadyExists} {message: An equivalent index already exists, 'Index( id=4, name='AbstractI', type='VECTOR', schema=(:Keyword {embedding}), indexProvider='vector-2.0' )'.}
2024-12-08 22:22:54.167 | ERROR    | __main__:execute_query:22 - {code: Neo.ClientError.Schema.EquivalentSchemaRuleAlreadyExists} {message: An equivalent index already exists, 'Index( id=4, name='AbstractI', type='VECTOR', schema=(:Keyword {embedding}), indexProvider='vector-2.0' )'.}
2024-12-08 22:23:55.582 | ERROR    | __main__:execute_query:22 - {code: Neo.ClientError.Schema.EquivalentSchemaRuleAlreadyExists} {message: An equivalent index already exists, 'Index( id=4, name='AbstractI', type='VECTOR', schema=(:Keyword {embedding}), indexProvider='vector-2.0' )'.}
2024-12-08 22:26:38.636 | ERROR    | __main__:execute_query:22 - {code: Neo.ClientError.Schema.EquivalentSchemaRuleAlreadyExists} {message: An equivalent index already exists, 'Index( id=4, name='AbstractI', type='VECTOR', schema=(:Keyword {embedding}), indexProvider='vector-2.0' )'.}
2024-12-08 22:27:41.635 | ERROR    | __main__:execute_query:22 - {code: Neo.ClientError.Schema.EquivalentSchemaRuleAlreadyExists} {message: An equivalent index already exists, 'Index( id=4, name='AbstractI', type='VECTOR', schema=(:Keyword {embedding}), indexProvider='vector-2.0' )'.}
2024-12-08 22:27:43.738 | ERROR    | __main__:execute_query:22 - {code: Neo.ClientError.Statement.SyntaxError} {message: Variable `n` not defined (line 4, column 12 (offset: 93))
"    RETURN n.content AS content, score"
            ^}
2024-12-08 22:28:43.948 | ERROR    | __main__:execute_query:22 - {code: Neo.ClientError.Schema.EquivalentSchemaRuleAlreadyExists} {message: An equivalent index already exists, 'Index( id=4, name='AbstractI', type='VECTOR', schema=(:Keyword {embedding}), indexProvider='vector-2.0' )'.}
2024-12-08 22:28:46.691 | ERROR    | __main__:execute_query:22 - {code: Neo.ClientError.Procedure.ProcedureNotFound} {message: There is no procedure with the name `db.index.queryNodes` registered for this database instance. Please ensure you've spelled the procedure name correctly and that the procedure is properly deployed.}
2024-12-09 18:50:58.580 | ERROR    | ingestion:execute_query:22 - {code: Neo.ClientError.Schema.EquivalentSchemaRuleAlreadyExists} {message: An equivalent index already exists, 'Index( id=4, name='AbstractIndex', type='VECTOR', schema=(:Abstract {embedding}), indexProvider='vector-2.0' )'.}
2024-12-10 02:21:17.098 | ERROR    | __main__:execute_query:22 - {code: Neo.TransientError.General.MemoryPoolOutOfMemoryError} {message: The allocation of an extra 24.0 MiB would use more than the limit 250.0 MiB. Currently using 238.0 MiB. dbms.memory.transaction.total.max threshold reached}
2024-12-10 02:24:03.309 | ERROR    | __main__:execute_query:22 - {code: Neo.ClientError.Statement.SyntaxError} {message: Invalid input 'l': expected an expression, 'FOREACH', ',', 'ORDER BY', 'CALL', 'CREATE', 'LOAD CSV', 'DELETE', 'DETACH', 'FINISH', 'INSERT', 'LIMIT', 'MATCH', 'MERGE', 'NODETACH', 'OFFSET', 'OPTIONAL', 'REMOVE', 'RETURN', 'SET', 'SKIP', 'UNION', 'UNWIND', 'USE', 'WITH' or <EOF> (line 4, column 9 (offset: 96))
"        l.embedding = a.embedding"
         ^}
2024-12-10 02:26:13.520 | ERROR    | __main__:execute_query:22 - {code: Neo.ClientError.Statement.SyntaxError} {message: Invalid input 'a': expected an expression, 'FOREACH', ',', 'ORDER BY', 'CALL', 'CREATE', 'LOAD CSV', 'DELETE', 'DETACH', 'FINISH', 'INSERT', 'LIMIT', 'MATCH', 'MERGE', 'NODETACH', 'OFFSET', 'OPTIONAL', 'REMOVE', 'RETURN', 'SET', 'SKIP', 'UNION', 'UNWIND', 'USE', 'WITH' or <EOF> (line 5, column 19 (offset: 140))
"    DELETE DETACH a"
                   ^}
2024-12-10 02:26:23.213 | ERROR    | __main__:execute_query:22 - {code: Neo.ClientError.Statement.SyntaxError} {message: Unknown function 'DETACH' (line 5, column 12 (offset: 133))
"    DELETE DETACH (a)"
            ^}
2024-12-10 02:28:50.568 | ERROR    | __main__:execute_query:22 - {code: Neo.ClientError.Statement.SyntaxError} {message: Variable `a` not defined (line 3, column 20 (offset: 44))
"    DETACH DELETE (a)"
                    ^}
2024-12-10 02:31:12.966 | ERROR    | __main__:execute_query:22 - {code: Neo.TransientError.General.MemoryPoolOutOfMemoryError} {message: The allocation of an extra 24.0 MiB would use more than the limit 250.0 MiB. Currently using 238.0 MiB. dbms.memory.transaction.total.max threshold reached}
2024-12-10 02:37:57.626 | ERROR    | __main__:execute_query:22 - {code: Neo.ClientError.Schema.EquivalentSchemaRuleAlreadyExists} {message: An equivalent index already exists, 'Index( id=4, name='AbstractIndex', type='VECTOR', schema=(:Literature {embedding}), indexProvider='vector-2.0' )'.}
